<?xml version="1.0" encoding="UTF-8"?>
<!-- Generated by org.testng.reporters.JUnitReportReporter -->
<testsuite skipped="0" hostname="Siddharth-mbpr.local" name="com.playphone.nativeAndroid.PostScore" tests="1" failures="0" timestamp="30 Aug 2017 21:37:41 GMT" time="89.839" errors="0">
  <testcase name="clickInit" time="89.839" classname="com.playphone.nativeAndroid.PostScore"/>
</testsuite> <!-- com.playphone.nativeAndroid.PostScore -->
