<?xml version="1.0" encoding="UTF-8"?>
<!-- Generated by org.testng.reporters.JUnitReportReporter -->
<testsuite skipped="0" hostname="Siddharth-mbpr.local" name="com.playphone.nativeAndroid.PostScore" tests="1" failures="0" timestamp="30 Aug 2017 19:47:56 GMT" time="97.920" errors="0">
  <testcase name="clickInit" time="97.920" classname="com.playphone.nativeAndroid.PostScore"/>
</testsuite> <!-- com.playphone.nativeAndroid.PostScore -->
