<?xml version="1.0" encoding="UTF-8"?>
<!-- Generated by org.testng.reporters.JUnitReportReporter -->
<testsuite skipped="0" hostname="Siddharth-mbpr.local" name="com.playphone.nativeAndroid.Clickinit" tests="1" failures="0" timestamp="30 Aug 2017 21:20:07 GMT" time="0.317" errors="0">
  <testcase name="clickInit" time="0.317" classname="com.playphone.nativeAndroid.Clickinit"/>
</testsuite> <!-- com.playphone.nativeAndroid.Clickinit -->
